<?xml version="1.0" encoding="UTF-8"?>
<!-- Generated by org.testng.reporters.JUnitXMLReporter -->
<testsuite hostname="DESKTOP-9FQ5FG2" ignored="0" name="LinkedinTest" tests="16" failures="2" timestamp="28 Jun 2020 18:50:22 GMT" time="441.779" errors="0">
  <testcase name="varifyHomePageTitleTest" time="0.957" classname="com.qa.SalesForce.Test.HomePageTest">
    <failure type="java.lang.AssertionError" message="expected [LinkedIn] but found [(1) LinkedIn]">
      <![CDATA[java.lang.AssertionError: expected [LinkedIn] but found [(1) LinkedIn]
	at com.qa.SalesForce.Test.HomePageTest.varifyHomePageTitleTest(HomePageTest.java:40)
... Removed 31 stack frames]]>
    </failure>
  </testcase> <!-- varifyHomePageTitleTest -->
  <testcase name="validateLoginPageTitleTest" time="0.055" classname="com.qa.SalesForce.Test.LoginPageTest"/>
  <testcase name="ClickOnMyNetworkPageTest" time="5.134" classname="com.qa.SalesForce.Test.MessagingPageTest"/>
  <testcase name="validateMyNetworkPageTitleTest" time="0.01" classname="com.qa.SalesForce.Test.MyNetWorkPageTest"/>
  <testcase name="ClickMyNetworkPageTest" time="8.14" classname="com.qa.SalesForce.Test.HomePageTest"/>
  <testcase name="validateLogoTest" time="0.235" classname="com.qa.SalesForce.Test.LoginPageTest"/>
  <testcase name="ValidateTitleTest" time="0.0" classname="com.qa.SalesForce.Test.MessagingPageTest">
    <failure type="java.lang.AssertionError" message="expected [Messaging | LinkedIn] but found [LinkedIn]">
      <![CDATA[java.lang.AssertionError: expected [Messaging | LinkedIn] but found [LinkedIn]
	at com.qa.SalesForce.Test.MessagingPageTest.ValidateTitleTest(MessagingPageTest.java:45)
... Removed 31 stack frames]]>
    </failure>
  </testcase> <!-- ValidateTitleTest -->
  <testcase name="clickOnHomePageTest" time="3.942" classname="com.qa.SalesForce.Test.MyNetWorkPageTest"/>
  <testcase name="ClickOnJobPageTest" time="8.724" classname="com.qa.SalesForce.Test.HomePageTest"/>
  <testcase name="loginTest" time="9.92" classname="com.qa.SalesForce.Test.LoginPageTest"/>
  <testcase name="ClickOnNotificationPage" time="5.105" classname="com.qa.SalesForce.Test.MessagingPageTest"/>
  <testcase name="clickOnMessgingPageTest" time="5.095" classname="com.qa.SalesForce.Test.MyNetWorkPageTest"/>
  <testcase name="ClickOnMessgaingPageTest" time="4.477" classname="com.qa.SalesForce.Test.HomePageTest"/>
  <testcase name="DataDrivenTest" time="15.796" classname="com.qa.SalesForce.Test.LoginPageTest"/>
  <testcase name="DataDrivenTest" time="11.077" classname="com.qa.SalesForce.Test.LoginPageTest"/>
  <testcase name="ClickOnNotificationPageTest" time="8.133" classname="com.qa.SalesForce.Test.HomePageTest"/>
</testsuite> <!-- LinkedinTest -->
