<?xml version="1.0" encoding="UTF-8"?>
<!-- Generated by org.testng.reporters.JUnitXMLReporter -->
<testsuite hostname="DESKTOP-9FQ5FG2" ignored="0" name="Command line test" tests="5" failures="1" timestamp="05 Jul 2020 12:15:34 GMT" time="147.912" errors="0">
  <testcase name="varifyHomePageTitleTest" time="0.91" classname="com.qa.SalesForce.Test.HomePageTest">
    <failure type="java.lang.AssertionError" message="expected [LinkedIn] but found [(17) LinkedIn]">
      <![CDATA[java.lang.AssertionError: expected [LinkedIn] but found [(17) LinkedIn]
	at com.qa.SalesForce.Test.HomePageTest.varifyHomePageTitleTest(HomePageTest.java:40)
	at com.qa.SalesForce.Test.RunnerClass.main(RunnerClass.java:14)
... Removed 28 stack frames]]>
    </failure>
  </testcase> <!-- varifyHomePageTitleTest -->
  <testcase name="ClickMyNetworkPageTest" time="3.284" classname="com.qa.SalesForce.Test.HomePageTest"/>
  <testcase name="ClickOnJobPageTest" time="3.288" classname="com.qa.SalesForce.Test.HomePageTest"/>
  <testcase name="ClickOnMessgaingPageTest" time="3.285" classname="com.qa.SalesForce.Test.HomePageTest"/>
  <testcase name="ClickOnNotificationPageTest" time="5.497" classname="com.qa.SalesForce.Test.HomePageTest"/>
</testsuite> <!-- Command line test -->
