<?xml version="1.0" encoding="UTF-8"?>
<testng-results skipped="0" failed="1" ignored="0" total="5" passed="4">
  <reporter-output>
  </reporter-output>
  <suite name="Command line suite" duration-ms="147912" started-at="2020-07-05T12:13:06Z" finished-at="2020-07-05T12:15:33Z">
    <groups>
    </groups>
    <test name="Command line test" duration-ms="147912" started-at="2020-07-05T12:13:06Z" finished-at="2020-07-05T12:15:33Z">
      <class name="com.qa.SalesForce.Test.HomePageTest">
        <test-method status="PASS" signature="setUP()[pri:0, instance:com.qa.SalesForce.Test.HomePageTest@51016012]" name="setUP" is-config="true" duration-ms="29489" started-at="2020-07-05T17:43:06Z" finished-at="2020-07-05T17:43:35Z">
          <reporter-output>
          </reporter-output>
        </test-method> <!-- setUP -->
        <test-method status="FAIL" signature="varifyHomePageTitleTest()[pri:1, instance:com.qa.SalesForce.Test.HomePageTest@51016012]" name="varifyHomePageTitleTest" duration-ms="910" started-at="2020-07-05T17:43:35Z" finished-at="2020-07-05T17:43:36Z">
          <exception class="java.lang.AssertionError">
            <message>
              <![CDATA[expected [LinkedIn] but found [(17) LinkedIn]]]>
            </message>
            <full-stacktrace>
              <![CDATA[java.lang.AssertionError: expected [LinkedIn] but found [(17) LinkedIn]
	at org.testng.Assert.fail(Assert.java:93)
	at org.testng.Assert.failNotEquals(Assert.java:512)
	at org.testng.Assert.assertEqualsImpl(Assert.java:134)
	at org.testng.Assert.assertEquals(Assert.java:115)
	at org.testng.Assert.assertEquals(Assert.java:189)
	at org.testng.Assert.assertEquals(Assert.java:199)
	at com.qa.SalesForce.Test.HomePageTest.varifyHomePageTitleTest(HomePageTest.java:40)
	at sun.reflect.NativeMethodAccessorImpl.invoke0(Native Method)
	at sun.reflect.NativeMethodAccessorImpl.invoke(Unknown Source)
	at sun.reflect.DelegatingMethodAccessorImpl.invoke(Unknown Source)
	at java.lang.reflect.Method.invoke(Unknown Source)
	at org.testng.internal.MethodInvocationHelper.invokeMethod(MethodInvocationHelper.java:108)
	at org.testng.internal.Invoker.invokeMethod(Invoker.java:661)
	at org.testng.internal.Invoker.invokeTestMethod(Invoker.java:869)
	at org.testng.internal.Invoker.invokeTestMethods(Invoker.java:1193)
	at org.testng.internal.TestMethodWorker.invokeTestMethods(TestMethodWorker.java:126)
	at org.testng.internal.TestMethodWorker.run(TestMethodWorker.java:109)
	at org.testng.TestRunner.privateRun(TestRunner.java:744)
	at org.testng.TestRunner.run(TestRunner.java:602)
	at org.testng.SuiteRunner.runTest(SuiteRunner.java:380)
	at org.testng.SuiteRunner.runSequentially(SuiteRunner.java:375)
	at org.testng.SuiteRunner.privateRun(SuiteRunner.java:340)
	at org.testng.SuiteRunner.run(SuiteRunner.java:289)
	at org.testng.SuiteRunnerWorker.runSuite(SuiteRunnerWorker.java:52)
	at org.testng.SuiteRunnerWorker.run(SuiteRunnerWorker.java:86)
	at org.testng.TestNG.runSuitesSequentially(TestNG.java:1301)
	at org.testng.TestNG.runSuitesLocally(TestNG.java:1226)
	at org.testng.TestNG.runSuites(TestNG.java:1144)
	at org.testng.TestNG.run(TestNG.java:1115)
	at com.qa.SalesForce.Test.RunnerClass.main(RunnerClass.java:14)
]]>
            </full-stacktrace>
          </exception> <!-- java.lang.AssertionError -->
          <reporter-output>
          </reporter-output>
        </test-method> <!-- varifyHomePageTitleTest -->
        <test-method status="PASS" signature="TearDown()[pri:0, instance:com.qa.SalesForce.Test.HomePageTest@51016012]" name="TearDown" is-config="true" duration-ms="1174" started-at="2020-07-05T17:43:36Z" finished-at="2020-07-05T17:43:37Z">
          <reporter-output>
          </reporter-output>
        </test-method> <!-- TearDown -->
        <test-method status="PASS" signature="setUP()[pri:0, instance:com.qa.SalesForce.Test.HomePageTest@51016012]" name="setUP" is-config="true" duration-ms="23780" started-at="2020-07-05T17:43:37Z" finished-at="2020-07-05T17:44:01Z">
          <reporter-output>
          </reporter-output>
        </test-method> <!-- setUP -->
        <test-method status="PASS" signature="ClickMyNetworkPageTest()[pri:2, instance:com.qa.SalesForce.Test.HomePageTest@51016012]" name="ClickMyNetworkPageTest" duration-ms="3284" started-at="2020-07-05T17:44:01Z" finished-at="2020-07-05T17:44:04Z">
          <reporter-output>
          </reporter-output>
        </test-method> <!-- ClickMyNetworkPageTest -->
        <test-method status="PASS" signature="TearDown()[pri:0, instance:com.qa.SalesForce.Test.HomePageTest@51016012]" name="TearDown" is-config="true" duration-ms="1572" started-at="2020-07-05T17:44:04Z" finished-at="2020-07-05T17:44:06Z">
          <reporter-output>
          </reporter-output>
        </test-method> <!-- TearDown -->
        <test-method status="PASS" signature="setUP()[pri:0, instance:com.qa.SalesForce.Test.HomePageTest@51016012]" name="setUP" is-config="true" duration-ms="25475" started-at="2020-07-05T17:44:06Z" finished-at="2020-07-05T17:44:31Z">
          <reporter-output>
          </reporter-output>
        </test-method> <!-- setUP -->
        <test-method status="PASS" signature="ClickOnJobPageTest()[pri:3, instance:com.qa.SalesForce.Test.HomePageTest@51016012]" name="ClickOnJobPageTest" duration-ms="3288" started-at="2020-07-05T17:44:31Z" finished-at="2020-07-05T17:44:35Z">
          <reporter-output>
          </reporter-output>
        </test-method> <!-- ClickOnJobPageTest -->
        <test-method status="PASS" signature="TearDown()[pri:0, instance:com.qa.SalesForce.Test.HomePageTest@51016012]" name="TearDown" is-config="true" duration-ms="1875" started-at="2020-07-05T17:44:35Z" finished-at="2020-07-05T17:44:36Z">
          <reporter-output>
          </reporter-output>
        </test-method> <!-- TearDown -->
        <test-method status="PASS" signature="setUP()[pri:0, instance:com.qa.SalesForce.Test.HomePageTest@51016012]" name="setUP" is-config="true" duration-ms="22050" started-at="2020-07-05T17:44:36Z" finished-at="2020-07-05T17:44:59Z">
          <reporter-output>
          </reporter-output>
        </test-method> <!-- setUP -->
        <test-method status="PASS" signature="ClickOnMessgaingPageTest()[pri:4, instance:com.qa.SalesForce.Test.HomePageTest@51016012]" name="ClickOnMessgaingPageTest" duration-ms="3285" started-at="2020-07-05T17:44:59Z" finished-at="2020-07-05T17:45:02Z">
          <reporter-output>
          </reporter-output>
        </test-method> <!-- ClickOnMessgaingPageTest -->
        <test-method status="PASS" signature="TearDown()[pri:0, instance:com.qa.SalesForce.Test.HomePageTest@51016012]" name="TearDown" is-config="true" duration-ms="2812" started-at="2020-07-05T17:45:02Z" finished-at="2020-07-05T17:45:05Z">
          <reporter-output>
          </reporter-output>
        </test-method> <!-- TearDown -->
        <test-method status="PASS" signature="setUP()[pri:0, instance:com.qa.SalesForce.Test.HomePageTest@51016012]" name="setUP" is-config="true" duration-ms="20569" started-at="2020-07-05T17:45:05Z" finished-at="2020-07-05T17:45:25Z">
          <reporter-output>
          </reporter-output>
        </test-method> <!-- setUP -->
        <test-method status="PASS" signature="ClickOnNotificationPageTest()[pri:5, instance:com.qa.SalesForce.Test.HomePageTest@51016012]" name="ClickOnNotificationPageTest" duration-ms="5497" started-at="2020-07-05T17:45:25Z" finished-at="2020-07-05T17:45:31Z">
          <reporter-output>
          </reporter-output>
        </test-method> <!-- ClickOnNotificationPageTest -->
        <test-method status="PASS" signature="TearDown()[pri:0, instance:com.qa.SalesForce.Test.HomePageTest@51016012]" name="TearDown" is-config="true" duration-ms="2809" started-at="2020-07-05T17:45:31Z" finished-at="2020-07-05T17:45:33Z">
          <reporter-output>
          </reporter-output>
        </test-method> <!-- TearDown -->
      </class> <!-- com.qa.SalesForce.Test.HomePageTest -->
    </test> <!-- Command line test -->
  </suite> <!-- Command line suite -->
</testng-results>
